<?xml version="1.0" encoding="UTF-8"?>
<testsuites>
  <testsuite name="CodeIgniter Application Test Suite" tests="25" assertions="26" failures="0" errors="0" time="4.747959">
    <testsuite name="display_test" file="C:\xampp\htdocs\ADPL\application\tests\controllers\Welcome_test.php" fullPackage="display" tests="14" assertions="15" failures="0" errors="0" time="2.810375">
      <testcase name="test_display_index" class="display_test" file="C:\xampp\htdocs\ADPL\application\tests\controllers\Welcome_test.php" line="19" assertions="1" time="0.400379"/>
      <testcase name="test_display_login" class="display_test" file="C:\xampp\htdocs\ADPL\application\tests\controllers\Welcome_test.php" line="25" assertions="1" time="0.132353"/>
      <testcase name="test_display_login_mimin" class="display_test" file="C:\xampp\htdocs\ADPL\application\tests\controllers\Welcome_test.php" line="31" assertions="1" time="0.097828"/>
      <testcase name="test_display_categorize" class="display_test" file="C:\xampp\htdocs\ADPL\application\tests\controllers\Welcome_test.php" line="37" assertions="1" time="0.214935"/>
      <testcase name="test_login" class="display_test" file="C:\xampp\htdocs\ADPL\application\tests\controllers\Welcome_test.php" line="43" assertions="1" time="0.685039"/>
      <testcase name="test_Login_eo" class="display_test" file="C:\xampp\htdocs\ADPL\application\tests\controllers\Welcome_test.php" line="63" assertions="1" time="0.231121"/>
      <testcase name="test_session_eo" class="display_test" file="C:\xampp\htdocs\ADPL\application\tests\controllers\Welcome_test.php" line="78" assertions="0" time="0.155333"/>
      <testcase name="test_Login_cus" class="display_test" file="C:\xampp\htdocs\ADPL\application\tests\controllers\Welcome_test.php" line="83" assertions="1" time="0.116627"/>
      <testcase name="test_Dashboard_cus" class="display_test" file="C:\xampp\htdocs\ADPL\application\tests\controllers\Welcome_test.php" line="98" assertions="1" time="0.096607"/>
      <testcase name="test_Logout" class="display_test" file="C:\xampp\htdocs\ADPL\application\tests\controllers\Welcome_test.php" line="106" assertions="3" time="0.170546"/>
      <testcase name="test_register_cus" class="display_test" file="C:\xampp\htdocs\ADPL\application\tests\controllers\Welcome_test.php" line="121" assertions="1" time="0.175465"/>
      <testcase name="test_register_eo" class="display_test" file="C:\xampp\htdocs\ADPL\application\tests\controllers\Welcome_test.php" line="138" assertions="1" time="0.175444"/>
      <testcase name="test_method_404" class="display_test" file="C:\xampp\htdocs\ADPL\application\tests\controllers\Welcome_test.php" line="155" assertions="1" time="0.109060"/>
      <testcase name="test_APPPATH" class="display_test" file="C:\xampp\htdocs\ADPL\application\tests\controllers\Welcome_test.php" line="161" assertions="1" time="0.049639"/>
    </testsuite>
    <testsuite name="false_test" file="C:\xampp\htdocs\ADPL\application\tests\controllers\false_test.php" fullPackage="false" tests="11" assertions="11" failures="0" errors="0" time="1.937583">
      <testcase name="test_false_login_admin" class="false_test" file="C:\xampp\htdocs\ADPL\application\tests\controllers\false_test.php" line="18" assertions="1" time="0.170626"/>
      <testcase name="test_false_login_non_admin" class="false_test" file="C:\xampp\htdocs\ADPL\application\tests\controllers\false_test.php" line="32" assertions="1" time="0.162200"/>
      <testcase name="test_null_login_admin" class="false_test" file="C:\xampp\htdocs\ADPL\application\tests\controllers\false_test.php" line="46" assertions="1" time="0.165900"/>
      <testcase name="test_false_login_cus" class="false_test" file="C:\xampp\htdocs\ADPL\application\tests\controllers\false_test.php" line="60" assertions="1" time="0.167182"/>
      <testcase name="test_false_login_non_cus" class="false_test" file="C:\xampp\htdocs\ADPL\application\tests\controllers\false_test.php" line="74" assertions="1" time="0.174075"/>
      <testcase name="test_false_login_eo" class="false_test" file="C:\xampp\htdocs\ADPL\application\tests\controllers\false_test.php" line="88" assertions="1" time="0.176926"/>
      <testcase name="test_false_login_non_eo" class="false_test" file="C:\xampp\htdocs\ADPL\application\tests\controllers\false_test.php" line="102" assertions="1" time="0.203941"/>
      <testcase name="test_null_login" class="false_test" file="C:\xampp\htdocs\ADPL\application\tests\controllers\false_test.php" line="116" assertions="1" time="0.165828"/>
      <testcase name="test_register_null" class="false_test" file="C:\xampp\htdocs\ADPL\application\tests\controllers\false_test.php" line="130" assertions="1" time="0.168297"/>
      <testcase name="test_register_cus_sv" class="false_test" file="C:\xampp\htdocs\ADPL\application\tests\controllers\false_test.php" line="147" assertions="1" time="0.179502"/>
      <testcase name="test_register_eo_sv" class="false_test" file="C:\xampp\htdocs\ADPL\application\tests\controllers\false_test.php" line="164" assertions="1" time="0.203106"/>
    </testsuite>
  </testsuite>
</testsuites>
